<?xml version="1.0" encoding="UTF-8"?>
<testng-results skipped="0" failed="0" total="1" passed="1">
  <reporter-output>
    <line>
      <![CDATA[<div "featureFile">Feature File: Search.feature</div>]]>
    </line>
    <line>
      <![CDATA[<div "feature">Feature: It should be possible to search for places at the Norwegian Meteorological Institute, http:&#x2F;&#x2F;www.yr.no</div>]]>
    </line>
    <line>
      <![CDATA[<div "scenario">Scenario: Locate Stockholm</div>]]>
    </line>
    <line>
      <![CDATA[<div "result">Given  navigate to url (passed : 1s)</div>]]>
    </line>
    <line>
      <![CDATA[<div "result">When  search for word (passed : 1s)</div>]]>
    </line>
    <line>
      <![CDATA[<div "result">Then  results appear (passed : 0s)</div>]]>
    </line>
  </reporter-output>
  <suite name="Suite1" duration-ms="16115" started-at="2018-05-23T12:14:40Z" finished-at="2018-05-23T12:14:56Z">
    <groups>
      <group name="cucumber">
        <method signature="AbstractTestNGCucumberTests.run_cukes()[pri:0, instance:selenium.TestRunner@490ab905]" name="run_cukes" class="cucumber.api.testng.AbstractTestNGCucumberTests"/>
      </group> <!-- cucumber -->
    </groups>
    <test name="Regression1" duration-ms="16115" started-at="2018-05-23T12:14:40Z" finished-at="2018-05-23T12:14:56Z">
      <class name="selenium.TestRunner">
        <test-method status="PASS" signature="run_cukes()[pri:0, instance:selenium.TestRunner@490ab905]" name="run_cukes" duration-ms="16100" started-at="2018-05-23T08:14:40Z" description="Runs Cucumber Features" finished-at="2018-05-23T08:14:56Z">
          <reporter-output>
            <line>
              <![CDATA[<div "featureFile">Feature File: Search.feature</div>]]>
            </line>
            <line>
              <![CDATA[<div "feature">Feature: It should be possible to search for places at the Norwegian Meteorological Institute, http:&#x2F;&#x2F;www.yr.no</div>]]>
            </line>
            <line>
              <![CDATA[<div "scenario">Scenario: Locate Stockholm</div>]]>
            </line>
            <line>
              <![CDATA[<div "result">Given  navigate to url (passed : 1s)</div>]]>
            </line>
            <line>
              <![CDATA[<div "result">When  search for word (passed : 1s)</div>]]>
            </line>
            <line>
              <![CDATA[<div "result">Then  results appear (passed : 0s)</div>]]>
            </line>
          </reporter-output>
        </test-method> <!-- run_cukes -->
        <test-method status="PASS" signature="teardown()[pri:0, instance:selenium.TestRunner@490ab905]" name="teardown" is-config="true" duration-ms="32" started-at="2018-05-23T08:14:56Z" finished-at="2018-05-23T08:14:56Z">
          <reporter-output>
          </reporter-output>
        </test-method> <!-- teardown -->
      </class> <!-- selenium.TestRunner -->
    </test> <!-- Regression1 -->
  </suite> <!-- Suite1 -->
</testng-results>
