<?xml version="1.0" encoding="UTF-8"?>
<testng-results skipped="0" failed="0" total="1" passed="1">
  <reporter-output>
    <line>
      <![CDATA[<div "featureFile">Feature File: Search.feature</div>]]>
    </line>
    <line>
      <![CDATA[<div "feature">Feature: It should be possible to search for places at the Norwegian Meteorological Institute, http:&#x2F;&#x2F;www.yr.no</div>]]>
    </line>
    <line>
      <![CDATA[<div "scenario">Scenario: Locate Stockholm</div>]]>
    </line>
    <line>
      <![CDATA[<div "result">Given  navigate to url (passed : 0s)</div>]]>
    </line>
    <line>
      <![CDATA[<div "result">When  search for word (passed : 1s)</div>]]>
    </line>
    <line>
      <![CDATA[<div "result">Then  results appear (passed : 0s)</div>]]>
    </line>
  </reporter-output>
  <suite name="Default suite" duration-ms="9583" started-at="2018-05-23T12:17:32Z" finished-at="2018-05-23T12:17:42Z">
    <groups>
      <group name="cucumber">
        <method signature="AbstractTestNGCucumberTests.run_cukes()[pri:0, instance:selenium.TestRunner@4bbfb90a]" name="run_cukes" class="cucumber.api.testng.AbstractTestNGCucumberTests"/>
      </group> <!-- cucumber -->
    </groups>
    <test name="Default test" duration-ms="9583" started-at="2018-05-23T12:17:32Z" finished-at="2018-05-23T12:17:42Z">
      <class name="selenium.TestRunner">
        <test-method status="PASS" signature="run_cukes()[pri:0, instance:selenium.TestRunner@4bbfb90a]" name="run_cukes" duration-ms="9551" started-at="2018-05-23T08:17:32Z" description="Runs Cucumber Features" finished-at="2018-05-23T08:17:42Z">
          <reporter-output>
            <line>
              <![CDATA[<div "featureFile">Feature File: Search.feature</div>]]>
            </line>
            <line>
              <![CDATA[<div "feature">Feature: It should be possible to search for places at the Norwegian Meteorological Institute, http:&#x2F;&#x2F;www.yr.no</div>]]>
            </line>
            <line>
              <![CDATA[<div "scenario">Scenario: Locate Stockholm</div>]]>
            </line>
            <line>
              <![CDATA[<div "result">Given  navigate to url (passed : 0s)</div>]]>
            </line>
            <line>
              <![CDATA[<div "result">When  search for word (passed : 1s)</div>]]>
            </line>
            <line>
              <![CDATA[<div "result">Then  results appear (passed : 0s)</div>]]>
            </line>
          </reporter-output>
        </test-method> <!-- run_cukes -->
        <test-method status="PASS" signature="teardown()[pri:0, instance:selenium.TestRunner@4bbfb90a]" name="teardown" is-config="true" duration-ms="48" started-at="2018-05-23T08:17:42Z" finished-at="2018-05-23T08:17:42Z">
          <reporter-output>
          </reporter-output>
        </test-method> <!-- teardown -->
      </class> <!-- selenium.TestRunner -->
    </test> <!-- Default test -->
  </suite> <!-- Default suite -->
</testng-results>
